<?xml version="1.0" encoding="UTF-8"?>
<testsuite name="demo.AppTest" tests="1" skipped="0" failures="0" errors="0" timestamp="2024-11-10T08:27:56" hostname="jeong-yunseongs-MacBook-Pro.local" time="0.008">
  <properties/>
  <testcase name="appHasAGreeting()" classname="demo.AppTest" time="0.008"/>
  <system-out><![CDATA[]]></system-out>
  <system-err><![CDATA[]]></system-err>
</testsuite>
